<?xml version="1.0" encoding="UTF-8"?>
<testng-results ignored="0" total="1" passed="1" failed="0" skipped="0">
  <reporter-output>
  </reporter-output>
  <suite started-at="2024-03-02T07:23:46 IST" name="Default suite" finished-at="2024-03-02T07:23:47 IST" duration-ms="96">
    <groups>
    </groups>
    <test started-at="2024-03-02T07:23:46 IST" name="Default test" finished-at="2024-03-02T07:23:47 IST" duration-ms="96">
      <class name="test1">
        <test-method signature="streamCollect()[pri:0, instance:test1@54a7079e]" started-at="2024-03-02T07:23:47 IST" name="streamCollect" finished-at="2024-03-02T07:23:47 IST" duration-ms="17" status="PASS">
          <reporter-output>
          </reporter-output>
        </test-method> <!-- streamCollect -->
      </class> <!-- test1 -->
    </test> <!-- Default test -->
  </suite> <!-- Default suite -->
</testng-results>
